<?xml version="1.0" encoding="UTF-8"?>
<robot generator="Robot 5.0 (Python 3.10.4 on win32)" generated="20220506 23:43:33.990" rpa="false" schemaversion="3">
<suite id="s1" name="Title" source="C:\Users\ALAN LIEW\Downloads\robot2\title.robot">
<test id="s1-t1" name="TC1" line="10">
<kw name="Open Browser" library="SeleniumLibrary">
<arg>${url}</arg>
<arg>${browser}</arg>
<doc>Opens a new browser instance to the optional ``url``.</doc>
<msg timestamp="20220506 23:43:34.497" level="INFO">Opening browser 'chrome' to base url 'https://agoda.com'.</msg>
<status status="PASS" starttime="20220506 23:43:34.496" endtime="20220506 23:43:41.472"/>
</kw>
<kw name="Maximize Browser Window" library="SeleniumLibrary">
<doc>Maximizes current browser window.</doc>
<status status="PASS" starttime="20220506 23:43:41.473" endtime="20220506 23:43:41.701"/>
</kw>
<kw name="Sleep" library="BuiltIn">
<arg>5s</arg>
<doc>Pauses the test executed for the given time.</doc>
<msg timestamp="20220506 23:43:46.716" level="INFO">Slept 5 seconds</msg>
<status status="PASS" starttime="20220506 23:43:41.703" endtime="20220506 23:43:46.716"/>
</kw>
<kw name="Press Keys" library="SeleniumLibrary">
<arg>${none}</arg>
<arg>ESC</arg>
<doc>Simulates the user pressing key(s) to an element or on the active browser.</doc>
<msg timestamp="20220506 23:43:46.720" level="INFO">Sending key(s) ('ESC',) to page.</msg>
<msg timestamp="20220506 23:43:46.720" level="INFO">Pressing special key ESCAPE to browser.</msg>
<msg timestamp="20220506 23:43:46.721" level="INFO">Releasing special key ESCAPE.</msg>
<status status="PASS" starttime="20220506 23:43:46.717" endtime="20220506 23:43:46.936"/>
</kw>
<kw name="Input Text" library="SeleniumLibrary">
<arg>XPATH://*[@id="SearchBoxContainer"]/div[1]/div/div[2]/div/div/div[1]/div/div/input</arg>
<arg>kampar</arg>
<doc>Types the given ``text`` into the text field identified by ``locator``.</doc>
<msg timestamp="20220506 23:43:46.938" level="INFO">Typing text 'kampar' into text field 'XPATH://*[@id="SearchBoxContainer"]/div[1]/div/div[2]/div/div/div[1]/div/div/input'.</msg>
<status status="PASS" starttime="20220506 23:43:46.937" endtime="20220506 23:43:47.313"/>
</kw>
<kw name="Get Window Titles" library="SeleniumLibrary">
<doc>Returns and logs titles of all windows of the selected browser.</doc>
<msg timestamp="20220506 23:43:48.938" level="INFO">Altogether 2 items.
1: Settings
2: Agoda Official Site | Free Cancellation &amp; Booking Deals | Over 2 Million Hotels</msg>
<status status="PASS" starttime="20220506 23:43:47.314" endtime="20220506 23:43:48.938"/>
</kw>
<kw name="Log Title" library="SeleniumLibrary">
<doc>Logs and returns the title of the current page.</doc>
<msg timestamp="20220506 23:43:48.949" level="INFO">Agoda Official Site | Free Cancellation &amp; Booking Deals | Over 2 Million Hotels</msg>
<status status="PASS" starttime="20220506 23:43:48.940" endtime="20220506 23:43:48.950"/>
</kw>
<kw name="Title Should Be" library="SeleniumLibrary">
<arg>Agoda Official Site | Free Cancellation &amp; Booking Deals | Over 2 Million Hotels</arg>
<doc>Verifies that the current page title equals ``title``.</doc>
<msg timestamp="20220506 23:43:48.962" level="INFO">Page title is 'Agoda Official Site | Free Cancellation &amp; Booking Deals | Over 2 Million Hotels'.</msg>
<status status="PASS" starttime="20220506 23:43:48.951" endtime="20220506 23:43:48.962"/>
</kw>
<kw name="Close Browser" library="SeleniumLibrary">
<doc>Closes the current browser.</doc>
<status status="PASS" starttime="20220506 23:43:48.964" endtime="20220506 23:43:51.415"/>
</kw>
<status status="PASS" starttime="20220506 23:43:34.494" endtime="20220506 23:43:51.417"/>
</test>
<status status="PASS" starttime="20220506 23:43:33.994" endtime="20220506 23:43:51.423"/>
</suite>
<statistics>
<total>
<stat pass="1" fail="0" skip="0">All Tests</stat>
</total>
<tag>
</tag>
<suite>
<stat pass="1" fail="0" skip="0" id="s1" name="Title">Title</stat>
</suite>
</statistics>
<errors>
</errors>
</robot>
